Build started 12/03/2021 18:41:12.
     1>Project "G:\Visual C++ Projects\skse\crash_log\crash_log\crash_log.vcxproj" on node 2 (build target(s)).
     1>InitializeBuildStatus:
         Creating "Release\crash_log.unsuccessfulbuild" because "AlwaysCreate" was specified.
       ClCompile:
         E:\Microsoft Visual Studio 10.0\VC\bin\CL.exe /c /IG:\SKSE\skse_1_07_03\src\skse /IG:\SKSE\skse_1_07_03\src /Zi /nologo /W3 /WX- /O2 /Oi /Oy- /GL /D WIN32 /D NDEBUG /D _WINDOWS /D _USRDLL /D CRASH_LOG_EXPORTS /D _WINDLL /D _MBCS /Gm- /EHa /MT /GS /Gy /fp:precise /Zc:wchar_t /Zc:forScope /Fo"Release\\" /Fd"Release\vc100.pdb" /Gd /TP /FIcommon/IPrefix.h /analyze- /errorReport:prompt main.cpp
         main.cpp
       Link:
         E:\Microsoft Visual Studio 10.0\VC\bin\link.exe /ERRORREPORT:PROMPT /OUT:"G:\Visual C++ Projects\skse\crash_log\Release\crash_log.dll" /INCREMENTAL:NO /NOLOGO /LIBPATH:"G:\SKSE\skse_1_07_03\src\common\Release VC9" common_vc9.lib dbghelp.lib psapi.lib kernel32.lib user32.lib gdi32.lib winspool.lib comdlg32.lib advapi32.lib shell32.lib ole32.lib oleaut32.lib uuid.lib odbc32.lib odbccp32.lib /DEF:"exports.def" /MANIFEST /ManifestFile:"Release\crash_log.dll.intermediate.manifest" /MANIFESTUAC:"level='asInvoker' uiAccess='false'" /PDB:"G:\Visual C++ Projects\skse\crash_log\Release\crash_log.pdb" /SUBSYSTEM:WINDOWS /OPT:REF /OPT:ICF /LTCG /TLBID:1 /DYNAMICBASE /NXCOMPAT /IMPLIB:"G:\Visual C++ Projects\skse\crash_log\Release\crash_log.lib" /MACHINE:X86 /DLL Release\main.obj
         Release\modlist.obj
            Creating library G:\Visual C++ Projects\skse\crash_log\Release\crash_log.lib and object G:\Visual C++ Projects\skse\crash_log\Release\crash_log.exp
         Generating code
         Finished generating code
         crash_log.vcxproj -> G:\Visual C++ Projects\skse\crash_log\Release\crash_log.dll
       Manifest:
         C:\Program Files (x86)\Microsoft SDKs\Windows\v7.0A\bin\mt.exe /nologo /verbose /outputresource:"G:\Visual C++ Projects\skse\crash_log\Release\crash_log.dll;#2" /manifest Release\crash_log.dll.intermediate.manifest
       FinalizeBuildStatus:
         Deleting file "Release\crash_log.unsuccessfulbuild".
         Touching "Release\crash_log.lastbuildstate".
     1>Done Building Project "G:\Visual C++ Projects\skse\crash_log\crash_log\crash_log.vcxproj" (build target(s)).

Build succeeded.

Time Elapsed 00:00:00.68
